<?xml version="1.0" encoding="UTF-8"?>
<!-- Generated by org.testng.reporters.JUnitXMLReporter -->
<testsuite ignored="0" hostname="PriyaPapa" failures="0" tests="2" name="Default test" time="26.294" errors="0" timestamp="2023-07-15T18:20:19 IST">
  <testcase classname="com.orangehrm.testscripts.LoginPageTest" name="verifyLoginFunctionality_InvalidUsernameAndPasswordAsBlank" time="2.534"/>
  <testcase classname="com.orangehrm.testscripts.LoginPageTest" name="verifyLoginFunctionality_UsernameAndPasswordAsBlank" time="1.343"/>
</testsuite> <!-- Default test -->
