<?xml version="1.0" encoding="UTF-8"?>
<!-- Generated by org.testng.reporters.JUnitXMLReporter -->
<testsuite ignored="0" hostname="PriyaPapa" failures="0" tests="5" name="ChromeTest" time="45.441" errors="0" timestamp="2023-07-16T15:53:13 IST">
  <testcase classname="com.orangehrm.testscripts.LoginPageTest" name="verifyLoginFunctionality_InvalidUsernameAndPasswordAsBlank" time="3.114"/>
  <testcase classname="com.orangehrm.testscripts.LoginPageTest" name="verifyLoginFunctionality_UsernameAndPasswordAsBlank" time="1.439"/>
  <testcase classname="com.orangehrm.testscripts.LoginPageTest" name="verifyLoginFunctionality_ValidUsernameAndPassword" time="1.653"/>
  <testcase classname="com.orangehrm.testscripts.LoginPageTest" name="verifyLoginFunctionality_ValidUsernameAndPassword_2" time="2.671"/>
  <testcase classname="com.orangehrm.testscripts.LoginPageTest" name="verifyLoginFunctionality_ValidUsernameAndPassword_3" time="2.552"/>
</testsuite> <!-- ChromeTest -->
