<?xml version="1.0" encoding="UTF-8"?>
<testng-results ignored="0" total="5" passed="5" failed="0" skipped="0">
  <reporter-output>
  </reporter-output>
  <suite started-at="2023-07-16T15:52:28 IST" name="CrossBrowsing" finished-at="2023-07-16T15:53:13 IST" duration-ms="45441">
    <groups>
    </groups>
    <test started-at="2023-07-16T15:52:28 IST" name="ChromeTest" finished-at="2023-07-16T15:53:13 IST" duration-ms="45441">
      <class name="com.orangehrm.testscripts.LoginPageTest">
        <test-method is-config="true" signature="setup(java.lang.String)[pri:0, instance:com.orangehrm.testscripts.LoginPageTest@b9b00e0]" started-at="2023-07-16T15:52:28 IST" name="setup" finished-at="2023-07-16T15:52:40 IST" duration-ms="12431" status="PASS">
          <params>
            <param index="0">
              <value>
                <![CDATA[chrome]]>
              </value>
            </param>
          </params>
          <reporter-output>
          </reporter-output>
        </test-method> <!-- setup -->
        <test-method signature="verifyLoginFunctionality_InvalidUsernameAndPasswordAsBlank()[pri:0, instance:com.orangehrm.testscripts.LoginPageTest@b9b00e0]" started-at="2023-07-16T15:52:40 IST" name="verifyLoginFunctionality_InvalidUsernameAndPasswordAsBlank" finished-at="2023-07-16T15:52:44 IST" duration-ms="3114" status="PASS">
          <reporter-output>
          </reporter-output>
        </test-method> <!-- verifyLoginFunctionality_InvalidUsernameAndPasswordAsBlank -->
        <test-method is-config="true" signature="teardown()[pri:0, instance:com.orangehrm.testscripts.LoginPageTest@b9b00e0]" started-at="2023-07-16T15:52:44 IST" name="teardown" finished-at="2023-07-16T15:52:44 IST" duration-ms="261" status="PASS">
          <reporter-output>
          </reporter-output>
        </test-method> <!-- teardown -->
        <test-method is-config="true" signature="setup(java.lang.String)[pri:0, instance:com.orangehrm.testscripts.LoginPageTest@b9b00e0]" started-at="2023-07-16T15:52:44 IST" name="setup" finished-at="2023-07-16T15:52:49 IST" duration-ms="5658" status="PASS">
          <params>
            <param index="0">
              <value>
                <![CDATA[chrome]]>
              </value>
            </param>
          </params>
          <reporter-output>
          </reporter-output>
        </test-method> <!-- setup -->
        <test-method signature="verifyLoginFunctionality_UsernameAndPasswordAsBlank()[pri:0, instance:com.orangehrm.testscripts.LoginPageTest@b9b00e0]" started-at="2023-07-16T15:52:49 IST" name="verifyLoginFunctionality_UsernameAndPasswordAsBlank" finished-at="2023-07-16T15:52:51 IST" duration-ms="1439" status="PASS">
          <reporter-output>
          </reporter-output>
        </test-method> <!-- verifyLoginFunctionality_UsernameAndPasswordAsBlank -->
        <test-method is-config="true" signature="teardown()[pri:0, instance:com.orangehrm.testscripts.LoginPageTest@b9b00e0]" started-at="2023-07-16T15:52:51 IST" name="teardown" finished-at="2023-07-16T15:52:51 IST" duration-ms="222" status="PASS">
          <reporter-output>
          </reporter-output>
        </test-method> <!-- teardown -->
        <test-method is-config="true" signature="setup(java.lang.String)[pri:0, instance:com.orangehrm.testscripts.LoginPageTest@b9b00e0]" started-at="2023-07-16T15:52:51 IST" name="setup" finished-at="2023-07-16T15:52:57 IST" duration-ms="5568" status="PASS">
          <params>
            <param index="0">
              <value>
                <![CDATA[chrome]]>
              </value>
            </param>
          </params>
          <reporter-output>
          </reporter-output>
        </test-method> <!-- setup -->
        <test-method signature="verifyLoginFunctionality_ValidUsernameAndPassword()[pri:0, instance:com.orangehrm.testscripts.LoginPageTest@b9b00e0]" started-at="2023-07-16T15:52:57 IST" name="verifyLoginFunctionality_ValidUsernameAndPassword" finished-at="2023-07-16T15:52:58 IST" duration-ms="1653" status="PASS">
          <reporter-output>
          </reporter-output>
        </test-method> <!-- verifyLoginFunctionality_ValidUsernameAndPassword -->
        <test-method is-config="true" signature="teardown()[pri:0, instance:com.orangehrm.testscripts.LoginPageTest@b9b00e0]" started-at="2023-07-16T15:52:58 IST" name="teardown" finished-at="2023-07-16T15:52:59 IST" duration-ms="248" status="PASS">
          <reporter-output>
          </reporter-output>
        </test-method> <!-- teardown -->
        <test-method is-config="true" signature="setup(java.lang.String)[pri:0, instance:com.orangehrm.testscripts.LoginPageTest@b9b00e0]" started-at="2023-07-16T15:52:59 IST" name="setup" finished-at="2023-07-16T15:53:03 IST" duration-ms="4523" status="PASS">
          <params>
            <param index="0">
              <value>
                <![CDATA[chrome]]>
              </value>
            </param>
          </params>
          <reporter-output>
          </reporter-output>
        </test-method> <!-- setup -->
        <test-method signature="verifyLoginFunctionality_ValidUsernameAndPassword_2()[pri:0, instance:com.orangehrm.testscripts.LoginPageTest@b9b00e0]" started-at="2023-07-16T15:53:03 IST" name="verifyLoginFunctionality_ValidUsernameAndPassword_2" finished-at="2023-07-16T15:53:06 IST" duration-ms="2671" status="PASS">
          <reporter-output>
          </reporter-output>
        </test-method> <!-- verifyLoginFunctionality_ValidUsernameAndPassword_2 -->
        <test-method is-config="true" signature="teardown()[pri:0, instance:com.orangehrm.testscripts.LoginPageTest@b9b00e0]" started-at="2023-07-16T15:53:06 IST" name="teardown" finished-at="2023-07-16T15:53:06 IST" duration-ms="230" status="PASS">
          <reporter-output>
          </reporter-output>
        </test-method> <!-- teardown -->
        <test-method is-config="true" signature="setup(java.lang.String)[pri:0, instance:com.orangehrm.testscripts.LoginPageTest@b9b00e0]" started-at="2023-07-16T15:53:06 IST" name="setup" finished-at="2023-07-16T15:53:11 IST" duration-ms="4525" status="PASS">
          <params>
            <param index="0">
              <value>
                <![CDATA[chrome]]>
              </value>
            </param>
          </params>
          <reporter-output>
          </reporter-output>
        </test-method> <!-- setup -->
        <test-method signature="verifyLoginFunctionality_ValidUsernameAndPassword_3()[pri:0, instance:com.orangehrm.testscripts.LoginPageTest@b9b00e0]" started-at="2023-07-16T15:53:11 IST" name="verifyLoginFunctionality_ValidUsernameAndPassword_3" finished-at="2023-07-16T15:53:13 IST" duration-ms="2552" status="PASS">
          <reporter-output>
          </reporter-output>
        </test-method> <!-- verifyLoginFunctionality_ValidUsernameAndPassword_3 -->
        <test-method is-config="true" signature="teardown()[pri:0, instance:com.orangehrm.testscripts.LoginPageTest@b9b00e0]" started-at="2023-07-16T15:53:13 IST" name="teardown" finished-at="2023-07-16T15:53:13 IST" duration-ms="249" status="PASS">
          <reporter-output>
          </reporter-output>
        </test-method> <!-- teardown -->
      </class> <!-- com.orangehrm.testscripts.LoginPageTest -->
    </test> <!-- ChromeTest -->
  </suite> <!-- CrossBrowsing -->
</testng-results>
